<?xml version="1.0" encoding="UTF-8"?>
<!-- Generated by org.testng.reporters.JUnitReportReporter -->
<testsuite skipped="0" hostname="SUMAN-VAIO" name="com.automation.GooglePageTest" tests="1" failures="0" timestamp="22 May 2021 14:46:59 GMT" time="10.979" errors="0">
  <testcase name="checkThePageTitle" time="10.979" classname="com.automation.GooglePageTest"/>
</testsuite> <!-- com.automation.GooglePageTest -->
